Arguments: 
  /usr/local/Cellar/node/9.11.1/bin/node /usr/local/Cellar/yarn/1.5.1/libexec/bin/yarn.js lint

PATH: 
  /usr/local/lib/node_modules/npm/node_modules/npm-lifecycle/node-gyp-bin:/Users/fedealconada/Sites/qb-contracts/node_modules/.bin:/Library/Frameworks/Python.framework/Versions/3.6/bin:/Users/fedealconada/.cargo/bin:/Users/fedealconada/.rbenv/shims:/opt/local/bin:/opt/local/sbin:/opt/local/bin:/opt/local/sbin:/opt/local/bin:/opt/local/sbin:/usr/local/bin:/Users/fedealconada/.jenv/shims:/Users/fedealconada/go/bin:/Users/fedealconada/.rbenv/shims:/Users/fedealconada/.nvm/versions/node/v0.12.10/bin:/Users/fedealconada/.rbenv/bin:/usr/local/bin:/usr/bin:/bin:/usr/sbin:/sbin:export PATH=/Users/fedealconada/Documents/Desarrollo/mongodb/bin:$PATH:/opt/X11/bin:export PATH=$PATH:/usr/local/sbin:/usr/local/git/bin:/usr/local/bin:/usr/local/sbin:/Users/fedealconada/Library/Android/sdk:/Users/fedealconada/Library/Android/sdk/tools:/Users/fedealconada/Library/Android/sdk/platform-tools:/usr/local/mysql/bin:/usr/local/bin:/usr/bin:/bin:/usr/sbin:/sbin:export PATH=/Users/fedealconada/Documents/Desarrollo/mongodb/bin:$PATH:/opt/X11/bin:export PATH=$PATH:/usr/local/sbin:/usr/local/git/bin:/usr/local/bin:/usr/local/sbin:/Users/fedealconada/Library/Android/sdk:/Users/fedealconada/Library/Android/sdk/tools:/Users/fedealconada/Library/Android/sdk/platform-tools:/Users/fedealconada/Sites/phalcon-devtools

Yarn version: 
  1.5.1

Node version: 
  9.11.1

Platform: 
  darwin x64

npm manifest: 
  {
    "name": "qiibee-crowdsale",
    "version": "1.0.0",
    "description": "Solidity Contracts for the QBX Token",
    "main": "index.js",
    "scripts": {
      "test": "yarn lint && ./scripts/test.sh",
      "coverage": "scripts/coverage.sh",
      "coveralls": "scripts/coveralls.sh",
      "testrpc": "testrpc --account=\"0xe8280389ca1303a2712a874707fdd5d8ae0437fab9918f845d26fd9919af5a92,10000000000000000000000000000000000000000000000000000000000000000000000000\" --account=\"0xed095a912033d26dc444d2675b33414f0561af170d58c33f394db8812c87a764,10000000000000000000000000000000000000000000000000000000000000000000000000\" --account=\"0xf5556ca108835f04cd7d29b4ac66f139dc12b61396b147674631ce25e6e80b9b,10000000000000000000000000000000000000000000000000000000000000000000000000\" --account=\"0xd1bea55dd05b35be047e409617bc6010b0363f22893b871ceef2adf8e97b9eb9,10000000000000000000000000000000000000000000000000000000000000000000000000\" --account=\"0xfc452929dc8ffd956ebab936ed0f56d71a8c537b0393ea9da4807836942045c5,10000000000000000000000000000000000000000000000000000000000000000000000000\" --account=\"0x12b8b2fe49596ab7f439d324797f4b5457b5bd34e9860b08828e4b01af228d93,10000000000000000000000000000000000000000000000000000000000000000000000000\" --account=\"0x2ed88e3846387d0ae4cca96637df48c201c86079be64d0a17bf492058db6c6eb,10000000000000000000000000000000000000000000000000000000000000000000000000\" --account=\"0x8c6690649d0b31790fceddd6a59decf2b03686bed940a9b85e8105c5e82f7a86,10000000000000000000000000000000000000000000000000000000000000000000000000\" --account=\"0xf809d1a2969bec37e7c14628717092befa82156fb2ebf935ac5420bc522f0d29,10000000000000000000000000000000000000000000000000000000000000000000000000\" --account=\"0x38062255973f02f1b320d8c7762dd286946b3e366f73076995dc859a6346c2ec,10000000000000000000000000000000000000000000000000000000000000000000000000\" --account=\"0x35b5042e809eab0db3252bad02b67436f64453072128ee91c1d4605de70b27c1,10000000000000000000000000000000000000000000000000000000000000000000000000\"",
      "lint": "eslint test"
    },
    "repository": {
      "type": "git",
      "url": "git+https://github.com/qiibee/qb-contracts.git"
    },
    "keywords": [
      "qbx",
      "qiibee",
      "solidity",
      "truffle",
      "crowdsale"
    ],
    "author": "Federico Martín Alconada Verzini",
    "license": "MIT",
    "dependencies": {
      "abi-decoder": "^1.0.8",
      "bip39": "^2.4.0",
      "chai-as-promised": "^7.1.1",
      "colors": "^1.1.2",
      "coveralls": "^3.0.1",
      "ethereumjs-abi": "^0.6.4",
      "ethereumjs-wallet": "^0.6.0",
      "jsverify": "^0.8.2",
      "lodash": "^4.17.4",
      "npm": "^6.0.0",
      "openzeppelin-solidity": "1.9.0",
      "solc": "^0.4.10",
      "truffle": "^4.1.8",
      "truffle-hdwallet-provider": "0.0.3",
      "web3": "^1.0.0-beta.24",
      "web3-provider-engine": "^13.3.3",
      "zeppelin-solidity": "~1.3.0"
    },
    "devDependencies": {
      "chai-bignumber": "^2.0.1",
      "eslint": "^4.6.1",
      "ethereumjs-testrpc": "4.1.1",
      "solidity-coverage": "^0.2.2"
    },
    "bugs": {
      "url": "https://github.com/qiibee/qb-contracts/issues"
    },
    "homepage": "https://github.com/qiibee/qiibee#readme"
  }

yarn manifest: 
  No manifest

Lockfile: 
  No lockfile

Trace: 
  Error: Command failed.
  Exit code: 1
  Command: sh
  Arguments: -c eslint test
  Directory: /Users/fedealconada/Sites/qb-contracts
  Output:
  
      at ProcessTermError.MessageError (/usr/local/Cellar/yarn/1.5.1/libexec/lib/cli.js:186:110)
      at new ProcessTermError (/usr/local/Cellar/yarn/1.5.1/libexec/lib/cli.js:226:113)
      at ChildProcess.<anonymous> (/usr/local/Cellar/yarn/1.5.1/libexec/lib/cli.js:30281:17)
      at ChildProcess.emit (events.js:180:13)
      at maybeClose (internal/child_process.js:936:16)
      at Process.ChildProcess._handle.onexit (internal/child_process.js:220:5)
